<?xml version="1.0" encoding="UTF-8"?>
<testsuite name="org.exapmle.LoginTest" tests="1" skipped="0" failures="0" errors="0" timestamp="2020-10-19T20:59:41" hostname="DESKTOP-DAKTRRQ" time="1.823">
  <properties/>
  <testcase name="loginTest()" classname="org.exapmle.LoginTest" time="1.823"/>
  <system-out><![CDATA[]]></system-out>
  <system-err><![CDATA[Starting ChromeDriver 86.0.4240.22 (398b0743353ff36fb1b82468f63a3a93b4e2e89e-refs/branch-heads/4240@{#378}) on port 45150
Only local connections are allowed.
Please see https://chromedriver.chromium.org/security-considerations for suggestions on keeping ChromeDriver safe.
ChromeDriver was started successfully.
окт 19, 2020 11:59:40 PM org.openqa.selenium.remote.ProtocolHandshake createSession
INFO: Detected dialect: W3C
]]></system-err>
</testsuite>
